2024-11-11 10:57:05.3584|INFO|OrderProcessingSystem.API.Program|Starting application
2024-11-11 10:57:06.0261|DEBUG|Microsoft.AspNetCore.Mvc.ModelBinding.ModelBinderFactory|Registered model binder providers, in the following order: Microsoft.AspNetCore.Mvc.ModelBinding.Binders.BinderTypeModelBinderProvider, Microsoft.AspNetCore.Mvc.ModelBinding.Binders.ServicesModelBinderProvider, Microsoft.AspNetCore.Mvc.ModelBinding.Binders.BodyModelBinderProvider, Microsoft.AspNetCore.Mvc.ModelBinding.Binders.HeaderModelBinderProvider, Microsoft.AspNetCore.Mvc.ModelBinding.Binders.FloatingPointTypeModelBinderProvider, Microsoft.AspNetCore.Mvc.ModelBinding.Binders.EnumTypeModelBinderProvider, Microsoft.AspNetCore.Mvc.ModelBinding.Binders.DateTimeModelBinderProvider, Microsoft.AspNetCore.Mvc.ModelBinding.Binders.SimpleTypeModelBinderProvider, Microsoft.AspNetCore.Mvc.ModelBinding.Binders.TryParseModelBinderProvider, Microsoft.AspNetCore.Mvc.ModelBinding.Binders.CancellationTokenModelBinderProvider, Microsoft.AspNetCore.Mvc.ModelBinding.Binders.ByteArrayModelBinderProvider, Microsoft.AspNetCore.Mvc.ModelBinding.Binders.FormFileModelBinderProvider, Microsoft.AspNetCore.Mvc.ModelBinding.Binders.FormCollectionModelBinderProvider, Microsoft.AspNetCore.Mvc.ModelBinding.Binders.KeyValuePairModelBinderProvider, Microsoft.AspNetCore.Mvc.ModelBinding.Binders.DictionaryModelBinderProvider, Microsoft.AspNetCore.Mvc.ModelBinding.Binders.ArrayModelBinderProvider, Microsoft.AspNetCore.Mvc.ModelBinding.Binders.CollectionModelBinderProvider, Microsoft.AspNetCore.Mvc.ModelBinding.Binders.ComplexObjectModelBinderProvider
2024-11-11 10:57:06.0786|DEBUG|Microsoft.Extensions.Hosting.Internal.Host|Hosting starting
2024-11-11 10:57:06.3446|INFO|Microsoft.Hosting.Lifetime|Now listening on: https://localhost:7237
2024-11-11 10:57:06.3446|INFO|Microsoft.Hosting.Lifetime|Now listening on: http://localhost:5286
2024-11-11 10:57:06.3446|DEBUG|Microsoft.AspNetCore.Hosting.Diagnostics|Loaded hosting startup assembly OrderProcessingSystem.API
2024-11-11 10:57:06.3446|DEBUG|Microsoft.AspNetCore.Hosting.Diagnostics|Loaded hosting startup assembly Microsoft.WebTools.ApiEndpointDiscovery
2024-11-11 10:57:06.3446|DEBUG|Microsoft.AspNetCore.Hosting.Diagnostics|Loaded hosting startup assembly Microsoft.AspNetCore.Watch.BrowserRefresh
2024-11-11 10:57:06.3446|DEBUG|Microsoft.AspNetCore.Hosting.Diagnostics|Loaded hosting startup assembly Microsoft.WebTools.BrowserLink.Net
2024-11-11 10:57:06.3889|INFO|Microsoft.Hosting.Lifetime|Application started. Press Ctrl+C to shut down.
2024-11-11 10:57:06.3889|INFO|Microsoft.Hosting.Lifetime|Hosting environment: Development
2024-11-11 10:57:06.3889|INFO|Microsoft.Hosting.Lifetime|Content root path: C:\Users\nitya\source\repos\Nityanand_OrderProcessingSystem\OrderProcessingSystem.API
2024-11-11 10:57:06.3889|DEBUG|Microsoft.Extensions.Hosting.Internal.Host|Hosting started
2024-11-11 10:57:06.5300|DEBUG|Microsoft.AspNetCore.Server.Kestrel.Connections|Connection id "0HN8225TN5DA7" accepted.
2024-11-11 10:57:06.5306|DEBUG|Microsoft.AspNetCore.Server.Kestrel.Connections|Connection id "0HN8225TN5DA7" started.
2024-11-11 10:57:06.5306|DEBUG|Microsoft.AspNetCore.Server.Kestrel.Connections|Connection id "0HN8225TN5DA8" accepted.
2024-11-11 10:57:06.5405|DEBUG|Microsoft.AspNetCore.Server.Kestrel.Connections|Connection id "0HN8225TN5DA8" started.
2024-11-11 10:57:06.5405|DEBUG|Microsoft.AspNetCore.Server.Kestrel.Transport.Sockets|Connection id "0HN8225TN5DA7" received FIN.
2024-11-11 10:57:06.5405|DEBUG|Microsoft.AspNetCore.Server.Kestrel.Transport.Sockets|Connection id "0HN8225TN5DA8" received FIN.
2024-11-11 10:57:06.5615|DEBUG|Microsoft.AspNetCore.Server.Kestrel.Https.Internal.HttpsConnectionMiddleware|Failed to authenticate HTTPS connection.|System.IO.IOException: Received an unexpected EOF or 0 bytes from the transport stream.
   at System.Net.Security.SslStream.ReceiveHandshakeFrameAsync[TIOAdapter](CancellationToken cancellationToken)
   at System.Net.Security.SslStream.ForceAuthenticationAsync[TIOAdapter](Boolean receiveFirst, Byte[] reAuthenticationData, CancellationToken cancellationToken)
   at System.Net.Security.SslStream.ProcessAuthenticationWithTelemetryAsync(Boolean isAsync, CancellationToken cancellationToken)
   at Microsoft.AspNetCore.Server.Kestrel.Https.Internal.HttpsConnectionMiddleware.OnConnectionAsync(ConnectionContext context)
2024-11-11 10:57:06.5615|DEBUG|Microsoft.AspNetCore.Server.Kestrel.Https.Internal.HttpsConnectionMiddleware|Failed to authenticate HTTPS connection.|System.IO.IOException: Received an unexpected EOF or 0 bytes from the transport stream.
   at System.Net.Security.SslStream.ReceiveHandshakeFrameAsync[TIOAdapter](CancellationToken cancellationToken)
   at System.Net.Security.SslStream.ForceAuthenticationAsync[TIOAdapter](Boolean receiveFirst, Byte[] reAuthenticationData, CancellationToken cancellationToken)
   at System.Net.Security.SslStream.ProcessAuthenticationWithTelemetryAsync(Boolean isAsync, CancellationToken cancellationToken)
   at Microsoft.AspNetCore.Server.Kestrel.Https.Internal.HttpsConnectionMiddleware.OnConnectionAsync(ConnectionContext context)
2024-11-11 10:57:06.5801|DEBUG|Microsoft.AspNetCore.Server.Kestrel.Connections|Connection id "0HN8225TN5DA8" stopped.
2024-11-11 10:57:06.5801|DEBUG|Microsoft.AspNetCore.Server.Kestrel.Connections|Connection id "0HN8225TN5DA7" stopped.
2024-11-11 10:57:06.5801|DEBUG|Microsoft.AspNetCore.Server.Kestrel.Transport.Sockets|Connection id "0HN8225TN5DA8" sending FIN because: "The Socket transport's send loop completed gracefully."
2024-11-11 10:57:06.5801|DEBUG|Microsoft.AspNetCore.Server.Kestrel.Transport.Sockets|Connection id "0HN8225TN5DA7" sending FIN because: "The Socket transport's send loop completed gracefully."
2024-11-11 10:57:06.7124|DEBUG|Microsoft.AspNetCore.Server.Kestrel.Connections|Connection id "0HN8225TN5DA9" accepted.
2024-11-11 10:57:06.7124|DEBUG|Microsoft.AspNetCore.Server.Kestrel.Connections|Connection id "0HN8225TN5DA9" started.
2024-11-11 10:57:07.0151|DEBUG|Microsoft.AspNetCore.Server.Kestrel.Https.Internal.HttpsConnectionMiddleware|Connection 0HN8225TN5DA9 established using the following protocol: Tls13
2024-11-11 10:57:07.0369|TRACE|Microsoft.AspNetCore.Server.Kestrel.Http2|Connection id "0HN8225TN5DA9" sending SETTINGS frame for stream ID 0 with length 24 and flags NONE.
2024-11-11 10:57:07.0369|TRACE|Microsoft.AspNetCore.Server.Kestrel.Http2|Connection id "0HN8225TN5DA9" sending WINDOW_UPDATE frame for stream ID 0 with length 4 and flags 0x0.
2024-11-11 10:57:07.0369|TRACE|Microsoft.AspNetCore.Server.Kestrel.Http2|Connection id "0HN8225TN5DA9" received SETTINGS frame for stream ID 0 with length 24 and flags NONE.
2024-11-11 10:57:07.0369|TRACE|Microsoft.AspNetCore.Server.Kestrel.Http2|Connection id "0HN8225TN5DA9" sending SETTINGS frame for stream ID 0 with length 0 and flags ACK.
2024-11-11 10:57:07.0369|TRACE|Microsoft.AspNetCore.Server.Kestrel.Http2|Connection id "0HN8225TN5DA9" received WINDOW_UPDATE frame for stream ID 0 with length 4 and flags 0x0.
2024-11-11 10:57:07.0369|TRACE|Microsoft.AspNetCore.Server.Kestrel.Http2|Connection id "0HN8225TN5DA9" received HEADERS frame for stream ID 1 with length 490 and flags END_STREAM, END_HEADERS, PRIORITY.
2024-11-11 10:57:07.0539|TRACE|Microsoft.AspNetCore.Server.Kestrel.Http2|Connection id "0HN8225TN5DA9" received SETTINGS frame for stream ID 0 with length 0 and flags ACK.
2024-11-11 10:57:07.0744|INFO|Microsoft.AspNetCore.Hosting.Diagnostics|Request starting HTTP/2 GET https://localhost:7237/swagger/index.html - - -
2024-11-11 10:57:07.1802|DEBUG|Microsoft.AspNetCore.HostFiltering.HostFilteringMiddleware|Wildcard detected, all requests with hosts will be allowed.
2024-11-11 10:57:07.1802|TRACE|Microsoft.AspNetCore.HostFiltering.HostFilteringMiddleware|All hosts are allowed.
2024-11-11 10:57:07.1907|DEBUG|Microsoft.AspNetCore.Routing.Matching.DfaMatcher|No candidates found for the request path '/swagger/index.html'
2024-11-11 10:57:07.1907|DEBUG|Microsoft.AspNetCore.Routing.EndpointRoutingMiddleware|Request did not match any endpoints
2024-11-11 10:57:07.2403|DEBUG|Microsoft.WebTools.BrowserLink.Net.BrowserLinkMiddleware|Response markup is scheduled to include Browser Link script injection.
2024-11-11 10:57:07.2403|DEBUG|Microsoft.AspNetCore.Watch.BrowserRefresh.BrowserRefreshMiddleware|Response markup is scheduled to include browser refresh script injection.
2024-11-11 10:57:07.2403|TRACE|Microsoft.AspNetCore.Server.Kestrel.Http2|Connection id "0HN8225TN5DA9" sending HEADERS frame for stream ID 1 with length 66 and flags END_HEADERS.
2024-11-11 10:57:07.2440|TRACE|Microsoft.AspNetCore.Server.Kestrel.Http2|Connection id "0HN8225TN5DA9" sending DATA frame for stream ID 1 with length 698 and flags NONE.
2024-11-11 10:57:07.2440|TRACE|Microsoft.AspNetCore.Server.Kestrel.Http2|Connection id "0HN8225TN5DA9" sending DATA frame for stream ID 1 with length 438 and flags NONE.
2024-11-11 10:57:07.2440|DEBUG|Microsoft.WebTools.BrowserLink.Net.BrowserLinkMiddleware|Response markup was updated to include Browser Link script injection.
2024-11-11 10:57:07.2440|DEBUG|Microsoft.AspNetCore.Watch.BrowserRefresh.BrowserRefreshMiddleware|Response markup was updated to include browser refresh script injection.
2024-11-11 10:57:07.2440|TRACE|Microsoft.AspNetCore.Server.Kestrel.Http2|Connection id "0HN8225TN5DA9" sending DATA frame for stream ID 1 with length 0 and flags END_STREAM.
2024-11-11 10:57:07.2440|INFO|Microsoft.AspNetCore.Hosting.Diagnostics|Request finished HTTP/2 GET https://localhost:7237/swagger/index.html - 200 - text/html;charset=utf-8 180.1197ms
2024-11-11 10:57:07.2440|TRACE|Microsoft.AspNetCore.Server.Kestrel.Http2|Connection id "0HN8225TN5DA9" received HEADERS frame for stream ID 3 with length 115 and flags END_STREAM, END_HEADERS, PRIORITY.
2024-11-11 10:57:07.2440|TRACE|Microsoft.AspNetCore.Server.Kestrel.Http2|Connection id "0HN8225TN5DA9" received HEADERS frame for stream ID 5 with length 35 and flags END_STREAM, END_HEADERS, PRIORITY.
2024-11-11 10:57:07.2440|INFO|Microsoft.AspNetCore.Hosting.Diagnostics|Request starting HTTP/2 GET https://localhost:7237/_framework/aspnetcore-browser-refresh.js - - -
2024-11-11 10:57:07.2440|INFO|Microsoft.AspNetCore.Hosting.Diagnostics|Request starting HTTP/2 GET https://localhost:7237/swagger/index.js - - -
2024-11-11 10:57:07.2440|TRACE|Microsoft.AspNetCore.HostFiltering.HostFilteringMiddleware|All hosts are allowed.
2024-11-11 10:57:07.2440|DEBUG|Microsoft.AspNetCore.Routing.Matching.DfaMatcher|No candidates found for the request path '/swagger/index.js'
2024-11-11 10:57:07.2440|DEBUG|Microsoft.AspNetCore.Routing.EndpointRoutingMiddleware|Request did not match any endpoints
2024-11-11 10:57:07.2440|TRACE|Microsoft.AspNetCore.Server.Kestrel.Http2|Connection id "0HN8225TN5DA9" sending HEADERS frame for stream ID 5 with length 41 and flags END_HEADERS.
2024-11-11 10:57:07.2440|INFO|Microsoft.AspNetCore.Hosting.Diagnostics|Request finished HTTP/2 GET https://localhost:7237/swagger/index.js - 200 - application/javascript;charset=utf-8 3.2955ms
2024-11-11 10:57:07.2440|TRACE|Microsoft.AspNetCore.Server.Kestrel.Http2|Connection id "0HN8225TN5DA9" sending DATA frame for stream ID 5 with length 3123 and flags NONE.
2024-11-11 10:57:07.2440|TRACE|Microsoft.AspNetCore.Server.Kestrel.Http2|Connection id "0HN8225TN5DA9" sending DATA frame for stream ID 5 with length 0 and flags END_STREAM.
2024-11-11 10:57:07.2440|TRACE|Microsoft.AspNetCore.Server.Kestrel.Http2|Connection id "0HN8225TN5DA9" received HEADERS frame for stream ID 7 with length 57 and flags END_STREAM, END_HEADERS, PRIORITY.
2024-11-11 10:57:07.2664|INFO|Microsoft.AspNetCore.Hosting.Diagnostics|Request starting HTTP/2 GET https://localhost:7237/_vs/browserLink - - -
2024-11-11 10:57:07.2919|TRACE|Microsoft.AspNetCore.Server.Kestrel.Http2|Connection id "0HN8225TN5DA9" sending HEADERS frame for stream ID 3 with length 60 and flags END_HEADERS.
2024-11-11 10:57:07.2919|TRACE|Microsoft.AspNetCore.Server.Kestrel.Http2|Connection id "0HN8225TN5DA9" sending DATA frame for stream ID 3 with length 13786 and flags NONE.
2024-11-11 10:57:07.2919|TRACE|Microsoft.AspNetCore.Server.Kestrel.Http2|Connection id "0HN8225TN5DA9" sending DATA frame for stream ID 3 with length 0 and flags END_STREAM.
2024-11-11 10:57:07.2919|INFO|Microsoft.AspNetCore.Hosting.Diagnostics|Request finished HTTP/2 GET https://localhost:7237/_framework/aspnetcore-browser-refresh.js - 200 13786 application/javascript;+charset=utf-8 43.4525ms
2024-11-11 10:57:07.3301|TRACE|Microsoft.AspNetCore.Server.Kestrel.Http2|Connection id "0HN8225TN5DA9" sending HEADERS frame for stream ID 7 with length 149 and flags END_HEADERS.
2024-11-11 10:57:07.3301|TRACE|Microsoft.AspNetCore.Server.Kestrel.Http2|Connection id "0HN8225TN5DA9" sending DATA frame for stream ID 7 with length 9986 and flags NONE.
2024-11-11 10:57:07.3301|TRACE|Microsoft.AspNetCore.Server.Kestrel.Http2|Connection id "0HN8225TN5DA9" sending DATA frame for stream ID 7 with length 10240 and flags NONE.
2024-11-11 10:57:07.3301|TRACE|Microsoft.AspNetCore.Server.Kestrel.Http2|Connection id "0HN8225TN5DA9" sending DATA frame for stream ID 7 with length 10240 and flags NONE.
2024-11-11 10:57:07.3301|TRACE|Microsoft.AspNetCore.Server.Kestrel.Http2|Connection id "0HN8225TN5DA9" sending DATA frame for stream ID 7 with length 10240 and flags NONE.
2024-11-11 10:57:07.3301|TRACE|Microsoft.AspNetCore.Server.Kestrel.Http2|Connection id "0HN8225TN5DA9" sending DATA frame for stream ID 7 with length 10240 and flags NONE.
2024-11-11 10:57:07.3301|TRACE|Microsoft.AspNetCore.Server.Kestrel.Http2|Connection id "0HN8225TN5DA9" sending DATA frame for stream ID 7 with length 10240 and flags NONE.
2024-11-11 10:57:07.3301|TRACE|Microsoft.AspNetCore.Server.Kestrel.Http2|Connection id "0HN8225TN5DA9" sending DATA frame for stream ID 7 with length 10240 and flags NONE.
2024-11-11 10:57:07.3301|TRACE|Microsoft.AspNetCore.Server.Kestrel.Http2|Connection id "0HN8225TN5DA9" sending DATA frame for stream ID 7 with length 10240 and flags NONE.
2024-11-11 10:57:07.3301|TRACE|Microsoft.AspNetCore.Server.Kestrel.Http2|Connection id "0HN8225TN5DA9" sending DATA frame for stream ID 7 with length 10240 and flags NONE.
2024-11-11 10:57:07.3301|TRACE|Microsoft.AspNetCore.Server.Kestrel.Http2|Connection id "0HN8225TN5DA9" sending DATA frame for stream ID 7 with length 10240 and flags NONE.
2024-11-11 10:57:07.3301|TRACE|Microsoft.AspNetCore.Server.Kestrel.Http2|Connection id "0HN8225TN5DA9" sending DATA frame for stream ID 7 with length 10240 and flags NONE.
2024-11-11 10:57:07.3440|TRACE|Microsoft.AspNetCore.Server.Kestrel.Http2|Connection id "0HN8225TN5DA9" sending DATA frame for stream ID 7 with length 10240 and flags NONE.
2024-11-11 10:57:07.3440|TRACE|Microsoft.AspNetCore.Server.Kestrel.Http2|Connection id "0HN8225TN5DA9" sending DATA frame for stream ID 7 with length 10240 and flags NONE.
2024-11-11 10:57:07.3440|TRACE|Microsoft.AspNetCore.Server.Kestrel.Http2|Connection id "0HN8225TN5DA9" sending DATA frame for stream ID 7 with length 10240 and flags NONE.
2024-11-11 10:57:07.3440|TRACE|Microsoft.AspNetCore.Server.Kestrel.Http2|Connection id "0HN8225TN5DA9" sending DATA frame for stream ID 7 with length 10240 and flags NONE.
2024-11-11 10:57:07.3440|TRACE|Microsoft.AspNetCore.Server.Kestrel.Http2|Connection id "0HN8225TN5DA9" sending DATA frame for stream ID 7 with length 160 and flags NONE.
2024-11-11 10:57:07.3440|TRACE|Microsoft.AspNetCore.Server.Kestrel.Http2|Connection id "0HN8225TN5DA9" sending DATA frame for stream ID 7 with length 0 and flags END_STREAM.
2024-11-11 10:57:07.3440|INFO|Microsoft.AspNetCore.Hosting.Diagnostics|Request finished HTTP/2 GET https://localhost:7237/_vs/browserLink - 200 - text/javascript;+charset=UTF-8 88.3052ms
2024-11-11 10:57:07.3761|TRACE|Microsoft.AspNetCore.Server.Kestrel.Http2|Connection id "0HN8225TN5DA9" received HEADERS frame for stream ID 9 with length 74 and flags END_STREAM, END_HEADERS, PRIORITY.
2024-11-11 10:57:07.3761|INFO|Microsoft.AspNetCore.Hosting.Diagnostics|Request starting HTTP/2 GET https://localhost:7237/swagger/v1/swagger.json - - -
2024-11-11 10:57:07.3761|TRACE|Microsoft.AspNetCore.HostFiltering.HostFilteringMiddleware|All hosts are allowed.
2024-11-11 10:57:07.3761|DEBUG|Microsoft.AspNetCore.Routing.Matching.DfaMatcher|No candidates found for the request path '/swagger/v1/swagger.json'
2024-11-11 10:57:07.3761|DEBUG|Microsoft.AspNetCore.Routing.EndpointRoutingMiddleware|Request did not match any endpoints
2024-11-11 10:57:07.4625|TRACE|Microsoft.AspNetCore.Server.Kestrel.Http2|Connection id "0HN8225TN5DA9" sending HEADERS frame for stream ID 9 with length 35 and flags END_HEADERS.
2024-11-11 10:57:07.4625|INFO|Microsoft.AspNetCore.Hosting.Diagnostics|Request finished HTTP/2 GET https://localhost:7237/swagger/v1/swagger.json - 200 - application/json;charset=utf-8 85.9994ms
2024-11-11 10:57:07.4625|TRACE|Microsoft.AspNetCore.Server.Kestrel.Http2|Connection id "0HN8225TN5DA9" sending DATA frame for stream ID 9 with length 2406 and flags NONE.
2024-11-11 10:57:07.4625|TRACE|Microsoft.AspNetCore.Server.Kestrel.Http2|Connection id "0HN8225TN5DA9" sending DATA frame for stream ID 9 with length 0 and flags END_STREAM.
2024-11-11 10:57:16.1586|TRACE|Microsoft.AspNetCore.Server.Kestrel.Http2|Connection id "0HN8225TN5DA9" received HEADERS frame for stream ID 11 with length 32 and flags END_STREAM, END_HEADERS, PRIORITY.
2024-11-11 10:57:16.1586|INFO|Microsoft.AspNetCore.Hosting.Diagnostics|Request starting HTTP/2 GET https://localhost:7237/api/Customer - - -
2024-11-11 10:57:16.1586|TRACE|Microsoft.AspNetCore.HostFiltering.HostFilteringMiddleware|All hosts are allowed.
2024-11-11 10:57:16.1762|DEBUG|Microsoft.AspNetCore.Routing.Matching.DfaMatcher|1 candidate(s) found for the request path '/api/Customer'
2024-11-11 10:57:16.1762|DEBUG|Microsoft.AspNetCore.Routing.Matching.DfaMatcher|Endpoint 'OrderProcessingSystem.API.Controllers.CustomerController.GetAllCustomers (OrderProcessingSystem.API)' with route pattern 'api/Customer' is valid for the request path '/api/Customer'
2024-11-11 10:57:16.1860|DEBUG|Microsoft.AspNetCore.Routing.EndpointRoutingMiddleware|Request matched endpoint 'OrderProcessingSystem.API.Controllers.CustomerController.GetAllCustomers (OrderProcessingSystem.API)'
2024-11-11 10:57:16.1860|TRACE|Microsoft.AspNetCore.Routing.EndpointRoutingMiddleware|The endpoint does not specify the IRequestSizeLimitMetadata.
2024-11-11 10:57:16.1860|DEBUG|Microsoft.AspNetCore.StaticFiles.StaticFileMiddleware|Static files was skipped as the request already matched an endpoint.
2024-11-11 10:57:16.1860|INFO|Microsoft.AspNetCore.Routing.EndpointMiddleware|Executing endpoint 'OrderProcessingSystem.API.Controllers.CustomerController.GetAllCustomers (OrderProcessingSystem.API)'
2024-11-11 10:57:16.2492|INFO|Microsoft.AspNetCore.Mvc.Infrastructure.ControllerActionInvoker|Route matched with {action = "GetAllCustomers", controller = "Customer"}. Executing controller action with signature System.Threading.Tasks.Task`1[Microsoft.AspNetCore.Mvc.IActionResult] GetAllCustomers() on controller OrderProcessingSystem.API.Controllers.CustomerController (OrderProcessingSystem.API).
2024-11-11 10:57:16.2492|DEBUG|Microsoft.AspNetCore.Mvc.Infrastructure.ControllerActionInvoker|Execution plan of authorization filters (in the following order): None
2024-11-11 10:57:16.2492|DEBUG|Microsoft.AspNetCore.Mvc.Infrastructure.ControllerActionInvoker|Execution plan of resource filters (in the following order): None
2024-11-11 10:57:16.2492|DEBUG|Microsoft.AspNetCore.Mvc.Infrastructure.ControllerActionInvoker|Execution plan of action filters (in the following order): Microsoft.AspNetCore.Mvc.ModelBinding.UnsupportedContentTypeFilter (Order: -3000), Microsoft.AspNetCore.Mvc.Infrastructure.ModelStateInvalidFilter (Order: -2000)
2024-11-11 10:57:16.2492|DEBUG|Microsoft.AspNetCore.Mvc.Infrastructure.ControllerActionInvoker|Execution plan of exception filters (in the following order): None
2024-11-11 10:57:16.2492|DEBUG|Microsoft.AspNetCore.Mvc.Infrastructure.ControllerActionInvoker|Execution plan of result filters (in the following order): Microsoft.AspNetCore.Mvc.Infrastructure.ClientErrorResultFilter (Order: -2000)
2024-11-11 10:57:16.2492|DEBUG|Microsoft.AspNetCore.Mvc.Infrastructure.ControllerActionInvoker|Executing controller factory for controller OrderProcessingSystem.API.Controllers.CustomerController (OrderProcessingSystem.API)
2024-11-11 10:57:16.7020|DEBUG|Microsoft.EntityFrameworkCore.Infrastructure|An 'IServiceProvider' was created for internal use by Entity Framework.
2024-11-11 10:57:16.7490|DEBUG|Microsoft.AspNetCore.Mvc.Infrastructure.ControllerActionInvoker|Executed controller factory for controller OrderProcessingSystem.API.Controllers.CustomerController (OrderProcessingSystem.API)
2024-11-11 10:57:16.7490|TRACE|Microsoft.AspNetCore.Mvc.Infrastructure.ControllerActionInvoker|Action Filter: Before executing OnActionExecuting on filter Microsoft.AspNetCore.Mvc.ModelBinding.UnsupportedContentTypeFilter.
2024-11-11 10:57:16.7490|TRACE|Microsoft.AspNetCore.Mvc.Infrastructure.ControllerActionInvoker|Action Filter: After executing OnActionExecuting on filter Microsoft.AspNetCore.Mvc.ModelBinding.UnsupportedContentTypeFilter.
2024-11-11 10:57:16.7490|TRACE|Microsoft.AspNetCore.Mvc.Infrastructure.ControllerActionInvoker|Action Filter: Before executing OnActionExecuting on filter Microsoft.AspNetCore.Mvc.Infrastructure.ModelStateInvalidFilter.
2024-11-11 10:57:16.7490|TRACE|Microsoft.AspNetCore.Mvc.Infrastructure.ControllerActionInvoker|Action Filter: After executing OnActionExecuting on filter Microsoft.AspNetCore.Mvc.Infrastructure.ModelStateInvalidFilter.
2024-11-11 10:57:16.7646|INFO|Microsoft.AspNetCore.Mvc.Infrastructure.ControllerActionInvoker|Executing action method OrderProcessingSystem.API.Controllers.CustomerController.GetAllCustomers (OrderProcessingSystem.API) - Validation state: Valid
2024-11-11 10:57:16.7646|INFO|OrderProcessingSystem.API.Controllers.CustomerController|Received request to fetch all customers.
2024-11-11 10:57:17.7463|DEBUG|Microsoft.EntityFrameworkCore.Model|The index {'OrderId'} was not created on entity type 'OrderProduct (Dictionary<string, object>)' as the properties are already covered by the index {'OrderId', 'ProductsProductId'}.
2024-11-11 10:57:18.0885|DEBUG|Microsoft.EntityFrameworkCore.Model.Validation|The property 'OrderProduct (Dictionary<string, object>).OrderId' was created in shadow state because there are no eligible CLR members with a matching name.
2024-11-11 10:57:18.0885|DEBUG|Microsoft.EntityFrameworkCore.Model.Validation|The property 'OrderProduct (Dictionary<string, object>).ProductsProductId' was created in shadow state because there are no eligible CLR members with a matching name.
2024-11-11 10:57:18.1455|WARN|Microsoft.EntityFrameworkCore.Model.Validation|No store type was specified for the decimal property 'Price' on entity type 'Product'. This will cause values to be silently truncated if they do not fit in the default precision and scale. Explicitly specify the SQL server column type that can accommodate all the values in 'OnModelCreating' using 'HasColumnType', specify precision and scale using 'HasPrecision', or configure a value converter using 'HasConversion'.
2024-11-11 10:57:18.4389|DEBUG|Microsoft.EntityFrameworkCore.Infrastructure|Entity Framework Core 8.0.10 initialized 'ApplicationDbContext' using provider 'Microsoft.EntityFrameworkCore.SqlServer:8.0.10' with options: None
2024-11-11 10:57:18.5944|DEBUG|Microsoft.EntityFrameworkCore.Query|Compiling query expression: 
'DbSet<Customer>()
    .Include(c => c.Orders)'
2024-11-11 10:57:18.7464|DEBUG|Microsoft.EntityFrameworkCore.Query|Including navigation: 'Customer.Orders'.
2024-11-11 10:57:19.4452|DEBUG|Microsoft.EntityFrameworkCore.Query|Generated query execution expression: 
'queryContext => new SingleQueryingEnumerable<Customer>(
    (RelationalQueryContext)queryContext, 
    RelationalCommandCache.QueryExpression(
        Client Projections:
            0 -> Dictionary<IProperty, int> { [Property: Customer.CustomerId (int) Required PK AfterSave:Throw ValueGenerated.OnAdd, 0], [Property: Customer.Name (string) Required, 1] }
            1 -> 0
            2 -> Dictionary<IProperty, int> { [Property: Order.OrderId (int) Required PK AfterSave:Throw ValueGenerated.OnAdd, 2], [Property: Order.CustomerId (int) Required FK Index, 3], [Property: Order.IsFulfilled (bool) Required, 4], [Property: Order.OrderDate (DateTime) Required, 5] }
            3 -> 2
        SELECT c.CustomerId, c.Name, o.OrderId, o.CustomerId, o.IsFulfilled, o.OrderDate
        FROM Customers AS c
        LEFT JOIN Orders AS o ON c.CustomerId == o.CustomerId
        ORDER BY c.CustomerId ASC), 
    null, 
    Func<QueryContext, DbDataReader, ResultContext, SingleQueryResultCoordinator, Customer>, 
    ApplicationDbContext, 
    False, 
    False, 
    True
)'
2024-11-11 10:57:19.5596|DEBUG|Microsoft.EntityFrameworkCore.Database.Connection|Creating DbConnection.
2024-11-11 10:57:19.6541|DEBUG|Microsoft.EntityFrameworkCore.Database.Connection|Created DbConnection. (88ms).
2024-11-11 10:57:19.6541|DEBUG|Microsoft.EntityFrameworkCore.Database.Connection|Opening connection to database 'OrderProcessingSystemDb' on server '(localdb)\MSSQLLocalDB'.
2024-11-11 10:57:21.5458|DEBUG|Microsoft.EntityFrameworkCore.Database.Connection|Opened connection to database 'OrderProcessingSystemDb' on server '(localdb)\MSSQLLocalDB'.
2024-11-11 10:57:21.5458|DEBUG|Microsoft.EntityFrameworkCore.Database.Command|Creating DbCommand for 'ExecuteReader'.
2024-11-11 10:57:21.5751|DEBUG|Microsoft.EntityFrameworkCore.Database.Command|Created DbCommand for 'ExecuteReader' (13ms).
2024-11-11 10:57:21.5751|DEBUG|Microsoft.EntityFrameworkCore.Database.Command|Initialized DbCommand for 'ExecuteReader' (26ms).
2024-11-11 10:57:21.5985|DEBUG|Microsoft.EntityFrameworkCore.Database.Command|Executing DbCommand [Parameters=[], CommandType='Text', CommandTimeout='30']
SELECT [c].[CustomerId], [c].[Name], [o].[OrderId], [o].[CustomerId], [o].[IsFulfilled], [o].[OrderDate]
FROM [Customers] AS [c]
LEFT JOIN [Orders] AS [o] ON [c].[CustomerId] = [o].[CustomerId]
ORDER BY [c].[CustomerId]
2024-11-11 10:57:21.7122|INFO|Microsoft.EntityFrameworkCore.Database.Command|Executed DbCommand (115ms) [Parameters=[], CommandType='Text', CommandTimeout='30']
SELECT [c].[CustomerId], [c].[Name], [o].[OrderId], [o].[CustomerId], [o].[IsFulfilled], [o].[OrderDate]
FROM [Customers] AS [c]
LEFT JOIN [Orders] AS [o] ON [c].[CustomerId] = [o].[CustomerId]
ORDER BY [c].[CustomerId]
2024-11-11 10:57:21.7986|DEBUG|Microsoft.EntityFrameworkCore.ChangeTracking|Context 'ApplicationDbContext' started tracking 'Customer' entity. Consider using 'DbContextOptionsBuilder.EnableSensitiveDataLogging' to see key values.
2024-11-11 10:57:21.9001|DEBUG|Microsoft.EntityFrameworkCore.ChangeTracking|Context 'ApplicationDbContext' started tracking 'Order' entity. Consider using 'DbContextOptionsBuilder.EnableSensitiveDataLogging' to see key values.
2024-11-11 10:57:21.9360|DEBUG|Microsoft.EntityFrameworkCore.ChangeTracking|Context 'ApplicationDbContext' started tracking 'Customer' entity. Consider using 'DbContextOptionsBuilder.EnableSensitiveDataLogging' to see key values.
2024-11-11 10:57:21.9360|DEBUG|Microsoft.EntityFrameworkCore.Database.Command|Closing data reader to 'OrderProcessingSystemDb' on server '(localdb)\MSSQLLocalDB'.
2024-11-11 10:57:21.9659|DEBUG|Microsoft.EntityFrameworkCore.Database.Command|A data reader for 'OrderProcessingSystemDb' on server '(localdb)\MSSQLLocalDB' is being disposed after spending 242ms reading results.
2024-11-11 10:57:21.9659|DEBUG|Microsoft.EntityFrameworkCore.Database.Connection|Closing connection to database 'OrderProcessingSystemDb' on server '(localdb)\MSSQLLocalDB'.
2024-11-11 10:57:21.9870|DEBUG|Microsoft.EntityFrameworkCore.Database.Connection|Closed connection to database 'OrderProcessingSystemDb' on server '(localdb)\MSSQLLocalDB' (13ms).
2024-11-11 10:57:21.9870|INFO|OrderProcessingSystem.API.Controllers.CustomerController|Successfully fetched 2 customers.
2024-11-11 10:57:22.0011|INFO|Microsoft.AspNetCore.Mvc.Infrastructure.ControllerActionInvoker|Executed action method OrderProcessingSystem.API.Controllers.CustomerController.GetAllCustomers (OrderProcessingSystem.API), returned result Microsoft.AspNetCore.Mvc.OkObjectResult in 5225.15ms.
2024-11-11 10:57:22.0011|TRACE|Microsoft.AspNetCore.Mvc.Infrastructure.ControllerActionInvoker|Action Filter: Before executing OnActionExecuted on filter Microsoft.AspNetCore.Mvc.Infrastructure.ModelStateInvalidFilter.
2024-11-11 10:57:22.0011|TRACE|Microsoft.AspNetCore.Mvc.Infrastructure.ControllerActionInvoker|Action Filter: After executing OnActionExecuted on filter Microsoft.AspNetCore.Mvc.Infrastructure.ModelStateInvalidFilter.
2024-11-11 10:57:22.0011|TRACE|Microsoft.AspNetCore.Mvc.Infrastructure.ControllerActionInvoker|Action Filter: Before executing OnActionExecuted on filter Microsoft.AspNetCore.Mvc.ModelBinding.UnsupportedContentTypeFilter.
2024-11-11 10:57:22.0011|TRACE|Microsoft.AspNetCore.Mvc.Infrastructure.ControllerActionInvoker|Action Filter: After executing OnActionExecuted on filter Microsoft.AspNetCore.Mvc.ModelBinding.UnsupportedContentTypeFilter.
2024-11-11 10:57:22.0011|TRACE|Microsoft.AspNetCore.Mvc.Infrastructure.ControllerActionInvoker|Result Filter: Before executing OnResultExecuting on filter Microsoft.AspNetCore.Mvc.Infrastructure.ClientErrorResultFilter.
2024-11-11 10:57:22.0011|TRACE|Microsoft.AspNetCore.Mvc.Infrastructure.ControllerActionInvoker|Result Filter: After executing OnResultExecuting on filter Microsoft.AspNetCore.Mvc.Infrastructure.ClientErrorResultFilter.
2024-11-11 10:57:22.0011|TRACE|Microsoft.AspNetCore.Mvc.Infrastructure.ControllerActionInvoker|Before executing action result Microsoft.AspNetCore.Mvc.OkObjectResult.
2024-11-11 10:57:22.0127|DEBUG|Microsoft.AspNetCore.Mvc.Infrastructure.DefaultOutputFormatterSelector|List of registered output formatters, in the following order: Microsoft.AspNetCore.Mvc.Formatters.HttpNoContentOutputFormatter, Microsoft.AspNetCore.Mvc.Formatters.StringOutputFormatter, Microsoft.AspNetCore.Mvc.Formatters.StreamOutputFormatter, Microsoft.AspNetCore.Mvc.Formatters.SystemTextJsonOutputFormatter
2024-11-11 10:57:22.0127|DEBUG|Microsoft.AspNetCore.Mvc.Infrastructure.DefaultOutputFormatterSelector|No information found on request to perform content negotiation.
2024-11-11 10:57:22.0127|DEBUG|Microsoft.AspNetCore.Mvc.Infrastructure.DefaultOutputFormatterSelector|Attempting to select an output formatter without using a content type as no explicit content types were specified for the response.
2024-11-11 10:57:22.0127|DEBUG|Microsoft.AspNetCore.Mvc.Infrastructure.DefaultOutputFormatterSelector|Attempting to select the first formatter in the output formatters list which can write the result.
2024-11-11 10:57:22.0127|DEBUG|Microsoft.AspNetCore.Mvc.Infrastructure.DefaultOutputFormatterSelector|Selected output formatter 'Microsoft.AspNetCore.Mvc.Formatters.SystemTextJsonOutputFormatter' and content type 'application/json' to write the response.
2024-11-11 10:57:22.0127|INFO|Microsoft.AspNetCore.Mvc.Infrastructure.ObjectResultExecutor|Executing OkObjectResult, writing value of type 'System.Collections.Generic.List`1[[OrderProcessingSystem.Data.Models.Customer, OrderProcessingSystem.Data, Version=1.0.0.0, Culture=neutral, PublicKeyToken=null]]'.
2024-11-11 10:57:22.0806|TRACE|Microsoft.AspNetCore.Mvc.Infrastructure.ControllerActionInvoker|After executing action result Microsoft.AspNetCore.Mvc.OkObjectResult.
2024-11-11 10:57:22.0806|TRACE|Microsoft.AspNetCore.Mvc.Infrastructure.ControllerActionInvoker|Result Filter: Before executing OnResultExecuted on filter Microsoft.AspNetCore.Mvc.Infrastructure.ClientErrorResultFilter.
2024-11-11 10:57:22.0806|TRACE|Microsoft.AspNetCore.Mvc.Infrastructure.ControllerActionInvoker|Result Filter: After executing OnResultExecuted on filter Microsoft.AspNetCore.Mvc.Infrastructure.ClientErrorResultFilter.
2024-11-11 10:57:22.0806|TRACE|Microsoft.AspNetCore.Server.Kestrel.Http2|Connection id "0HN8225TN5DA9" sending HEADERS frame for stream ID 11 with length 66 and flags END_HEADERS.
2024-11-11 10:57:22.0806|TRACE|Microsoft.AspNetCore.Server.Kestrel.Http2|Connection id "0HN8225TN5DA9" sending DATA frame for stream ID 11 with length 348 and flags NONE.
2024-11-11 10:57:22.0806|TRACE|Microsoft.AspNetCore.Server.Kestrel.Http2|Connection id "0HN8225TN5DA9" received WINDOW_UPDATE frame for stream ID 0 with length 4 and flags 0x0.
2024-11-11 10:57:22.0806|TRACE|Microsoft.AspNetCore.Server.Kestrel.Http2|Connection id "0HN8225TN5DA9" received WINDOW_UPDATE frame for stream ID 11 with length 4 and flags 0x0.
2024-11-11 10:57:22.0953|INFO|Microsoft.AspNetCore.Mvc.Infrastructure.ControllerActionInvoker|Executed action OrderProcessingSystem.API.Controllers.CustomerController.GetAllCustomers (OrderProcessingSystem.API) in 5829.0753ms
2024-11-11 10:57:22.0953|INFO|Microsoft.AspNetCore.Routing.EndpointMiddleware|Executed endpoint 'OrderProcessingSystem.API.Controllers.CustomerController.GetAllCustomers (OrderProcessingSystem.API)'
2024-11-11 10:57:22.0953|TRACE|Microsoft.AspNetCore.Server.Kestrel.Http2|Connection id "0HN8225TN5DA9" sending DATA frame for stream ID 11 with length 0 and flags END_STREAM.
2024-11-11 10:57:22.1096|DEBUG|Microsoft.EntityFrameworkCore.Infrastructure|'ApplicationDbContext' disposed.
2024-11-11 10:57:22.1096|DEBUG|Microsoft.EntityFrameworkCore.Database.Connection|Disposing connection to database 'OrderProcessingSystemDb' on server '(localdb)\MSSQLLocalDB'.
2024-11-11 10:57:22.1202|DEBUG|Microsoft.EntityFrameworkCore.Database.Connection|Disposed connection to database '' on server '' (2ms).
2024-11-11 10:57:22.1202|INFO|Microsoft.AspNetCore.Hosting.Diagnostics|Request finished HTTP/2 GET https://localhost:7237/api/Customer - 200 - application/json;+charset=utf-8 5960.4343ms
2024-11-11 10:59:57.7760|TRACE|Microsoft.AspNetCore.Server.Kestrel.Http2|Connection id "0HN8225TN5DA9" received HEADERS frame for stream ID 13 with length 34 and flags END_STREAM, END_HEADERS, PRIORITY.
2024-11-11 10:59:57.7760|TRACE|Microsoft.AspNetCore.Server.Kestrel.Http2|Connection id "0HN8225TN5DA9" received PING frame for stream ID 0 with length 8 and flags NONE.
2024-11-11 10:59:57.7760|TRACE|Microsoft.AspNetCore.Server.Kestrel.Http2|Connection id "0HN8225TN5DA9" sending PING frame for stream ID 0 with length 8 and flags ACK.
2024-11-11 10:59:57.7912|INFO|Microsoft.AspNetCore.Hosting.Diagnostics|Request starting HTTP/2 GET https://localhost:7237/api/Customer/22 - - -
2024-11-11 10:59:57.7912|TRACE|Microsoft.AspNetCore.HostFiltering.HostFilteringMiddleware|All hosts are allowed.
2024-11-11 10:59:57.7912|DEBUG|Microsoft.AspNetCore.Routing.Matching.DfaMatcher|1 candidate(s) found for the request path '/api/Customer/22'
2024-11-11 10:59:57.7912|DEBUG|Microsoft.AspNetCore.Routing.Matching.DfaMatcher|Endpoint 'OrderProcessingSystem.API.Controllers.CustomerController.GetCustomerById (OrderProcessingSystem.API)' with route pattern 'api/Customer/{id}' is valid for the request path '/api/Customer/22'
2024-11-11 10:59:57.7912|DEBUG|Microsoft.AspNetCore.Routing.EndpointRoutingMiddleware|Request matched endpoint 'OrderProcessingSystem.API.Controllers.CustomerController.GetCustomerById (OrderProcessingSystem.API)'
2024-11-11 10:59:57.7912|TRACE|Microsoft.AspNetCore.Routing.EndpointRoutingMiddleware|The endpoint does not specify the IRequestSizeLimitMetadata.
2024-11-11 10:59:57.7912|DEBUG|Microsoft.AspNetCore.StaticFiles.StaticFileMiddleware|Static files was skipped as the request already matched an endpoint.
2024-11-11 10:59:57.7912|INFO|Microsoft.AspNetCore.Routing.EndpointMiddleware|Executing endpoint 'OrderProcessingSystem.API.Controllers.CustomerController.GetCustomerById (OrderProcessingSystem.API)'
2024-11-11 10:59:57.8323|INFO|Microsoft.AspNetCore.Mvc.Infrastructure.ControllerActionInvoker|Route matched with {action = "GetCustomerById", controller = "Customer"}. Executing controller action with signature System.Threading.Tasks.Task`1[Microsoft.AspNetCore.Mvc.IActionResult] GetCustomerById(Int32) on controller OrderProcessingSystem.API.Controllers.CustomerController (OrderProcessingSystem.API).
2024-11-11 10:59:57.8323|DEBUG|Microsoft.AspNetCore.Mvc.Infrastructure.ControllerActionInvoker|Execution plan of authorization filters (in the following order): None
2024-11-11 10:59:57.8323|DEBUG|Microsoft.AspNetCore.Mvc.Infrastructure.ControllerActionInvoker|Execution plan of resource filters (in the following order): None
2024-11-11 10:59:57.8323|DEBUG|Microsoft.AspNetCore.Mvc.Infrastructure.ControllerActionInvoker|Execution plan of action filters (in the following order): Microsoft.AspNetCore.Mvc.ModelBinding.UnsupportedContentTypeFilter (Order: -3000), Microsoft.AspNetCore.Mvc.Infrastructure.ModelStateInvalidFilter (Order: -2000)
2024-11-11 10:59:57.8323|DEBUG|Microsoft.AspNetCore.Mvc.Infrastructure.ControllerActionInvoker|Execution plan of exception filters (in the following order): None
2024-11-11 10:59:57.8323|DEBUG|Microsoft.AspNetCore.Mvc.Infrastructure.ControllerActionInvoker|Execution plan of result filters (in the following order): Microsoft.AspNetCore.Mvc.Infrastructure.ClientErrorResultFilter (Order: -2000)
2024-11-11 10:59:57.8323|DEBUG|Microsoft.AspNetCore.Mvc.Infrastructure.ControllerActionInvoker|Executing controller factory for controller OrderProcessingSystem.API.Controllers.CustomerController (OrderProcessingSystem.API)
2024-11-11 10:59:57.8323|DEBUG|Microsoft.AspNetCore.Mvc.Infrastructure.ControllerActionInvoker|Executed controller factory for controller OrderProcessingSystem.API.Controllers.CustomerController (OrderProcessingSystem.API)
2024-11-11 10:59:57.8744|DEBUG|Microsoft.AspNetCore.Mvc.ModelBinding.ParameterBinder|Attempting to bind parameter 'id' of type 'System.Int32' ...
2024-11-11 10:59:57.8744|DEBUG|Microsoft.AspNetCore.Mvc.ModelBinding.Binders.SimpleTypeModelBinder|Attempting to bind parameter 'id' of type 'System.Int32' using the name 'id' in request data ...
2024-11-11 10:59:57.8744|DEBUG|Microsoft.AspNetCore.Mvc.ModelBinding.Binders.SimpleTypeModelBinder|Done attempting to bind parameter 'id' of type 'System.Int32'.
2024-11-11 10:59:57.8744|DEBUG|Microsoft.AspNetCore.Mvc.ModelBinding.ParameterBinder|Done attempting to bind parameter 'id' of type 'System.Int32'.
2024-11-11 10:59:57.8744|DEBUG|Microsoft.AspNetCore.Mvc.ModelBinding.ParameterBinder|Attempting to validate the bound parameter 'id' of type 'System.Int32' ...
2024-11-11 10:59:57.8744|DEBUG|Microsoft.AspNetCore.Mvc.ModelBinding.ParameterBinder|Done attempting to validate the bound parameter 'id' of type 'System.Int32'.
2024-11-11 10:59:57.8744|TRACE|Microsoft.AspNetCore.Mvc.Infrastructure.ControllerActionInvoker|Action Filter: Before executing OnActionExecuting on filter Microsoft.AspNetCore.Mvc.ModelBinding.UnsupportedContentTypeFilter.
2024-11-11 10:59:57.8744|TRACE|Microsoft.AspNetCore.Mvc.Infrastructure.ControllerActionInvoker|Action Filter: After executing OnActionExecuting on filter Microsoft.AspNetCore.Mvc.ModelBinding.UnsupportedContentTypeFilter.
2024-11-11 10:59:57.8744|TRACE|Microsoft.AspNetCore.Mvc.Infrastructure.ControllerActionInvoker|Action Filter: Before executing OnActionExecuting on filter Microsoft.AspNetCore.Mvc.Infrastructure.ModelStateInvalidFilter.
2024-11-11 10:59:57.8744|TRACE|Microsoft.AspNetCore.Mvc.Infrastructure.ControllerActionInvoker|Action Filter: After executing OnActionExecuting on filter Microsoft.AspNetCore.Mvc.Infrastructure.ModelStateInvalidFilter.
2024-11-11 10:59:57.8744|INFO|Microsoft.AspNetCore.Mvc.Infrastructure.ControllerActionInvoker|Executing action method OrderProcessingSystem.API.Controllers.CustomerController.GetCustomerById (OrderProcessingSystem.API) - Validation state: Valid
2024-11-11 10:59:57.8744|TRACE|Microsoft.AspNetCore.Mvc.Infrastructure.ControllerActionInvoker|Executing action method OrderProcessingSystem.API.Controllers.CustomerController.GetCustomerById (OrderProcessingSystem.API) with arguments (22)
2024-11-11 10:59:57.8912|INFO|OrderProcessingSystem.API.Controllers.CustomerController|Received request to fetch customer with ID 22
2024-11-11 10:59:57.9397|DEBUG|Microsoft.EntityFrameworkCore.Infrastructure|Entity Framework Core 8.0.10 initialized 'ApplicationDbContext' using provider 'Microsoft.EntityFrameworkCore.SqlServer:8.0.10' with options: None
2024-11-11 10:59:57.9528|DEBUG|Microsoft.EntityFrameworkCore.Query|Compiling query expression: 
'DbSet<Customer>()
    .Include(c => c.Orders)
    .ThenInclude(o => o.Products)
    .FirstOrDefault(c => c.CustomerId == __id_0)'
2024-11-11 10:59:57.9619|DEBUG|Microsoft.EntityFrameworkCore.Query|Including navigation: 'Customer.Orders'.
2024-11-11 10:59:57.9619|DEBUG|Microsoft.EntityFrameworkCore.Query|Including navigation: 'Order.Products'.
2024-11-11 10:59:58.0694|WARN|Microsoft.EntityFrameworkCore.Query|Compiling a query which loads related collections for more than one collection navigation, either via 'Include' or through projection, but no 'QuerySplittingBehavior' has been configured. By default, Entity Framework will use 'QuerySplittingBehavior.SingleQuery', which can potentially result in slow query performance. See https://go.microsoft.com/fwlink/?linkid=2134277 for more information. To identify the query that's triggering this warning call 'ConfigureWarnings(w => w.Throw(RelationalEventId.MultipleCollectionIncludeWarning))'.
2024-11-11 10:59:58.0833|DEBUG|Microsoft.EntityFrameworkCore.Query|Generated query execution expression: 
'queryContext => ShapedQueryCompilingExpressionVisitor.SingleOrDefaultAsync<Customer>(
    asyncEnumerable: new SingleQueryingEnumerable<Customer>(
        (RelationalQueryContext)queryContext, 
        RelationalCommandCache.QueryExpression(
            Client Projections:
                0 -> Dictionary<IProperty, int> { [Property: Customer.CustomerId (int) Required PK AfterSave:Throw ValueGenerated.OnAdd, 0], [Property: Customer.Name (string) Required, 1] }
                1 -> 0
                2 -> Dictionary<IProperty, int> { [Property: Order.OrderId (int) Required PK AfterSave:Throw ValueGenerated.OnAdd, 2], [Property: Order.CustomerId (int) Required FK Index, 3], [Property: Order.IsFulfilled (bool) Required, 4], [Property: Order.OrderDate (DateTime) Required, 5] }
                3 -> 2
                4 -> Dictionary<IProperty, int> { [Property: OrderProduct (Dictionary<string, object>).OrderId (no field, int) Indexer Required PK FK AfterSave:Throw, 6], [Property: OrderProduct (Dictionary<string, object>).ProductsProductId (no field, int) Indexer Required PK FK Index AfterSave:Throw, 7] }
                5 -> Dictionary<IProperty, int> { [Property: Product.ProductId (int) Required PK AfterSave:Throw ValueGenerated.OnAdd, 8], [Property: Product.Name (string) Required, 9], [Property: Product.Price (decimal) Required, 10] }
                6 -> 6
                7 -> 7
                8 -> 8
            SELECT t.CustomerId, t.Name, t0.OrderId, t0.CustomerId, t0.IsFulfilled, t0.OrderDate, t0.OrderId0, t0.ProductsProductId, t0.ProductId, t0.Name, t0.Price
            FROM 
            (
                SELECT TOP(1) c.CustomerId, c.Name
                FROM Customers AS c
                WHERE c.CustomerId == @__id_0
            ) AS t
            LEFT JOIN 
            (
                SELECT o.OrderId, o.CustomerId, o.IsFulfilled, o.OrderDate, t1.OrderId AS OrderId0, t1.ProductsProductId, t1.ProductId, t1.Name, t1.Price
                FROM Orders AS o
                LEFT JOIN 
                (
                    SELECT o0.OrderId, o0.ProductsProductId, p.ProductId, p.Name, p.Price
                    FROM OrderProduct AS o0
                    INNER JOIN Products AS p ON o0.ProductsProductId == p.ProductId
                ) AS t1 ON o.OrderId == t1.OrderId
            ) AS t0 ON t.CustomerId == t0.CustomerId
            ORDER BY t.CustomerId ASC, t0.OrderId ASC, t0.OrderId0 ASC, t0.ProductsProductId ASC), 
        null, 
        Func<QueryContext, DbDataReader, ResultContext, SingleQueryResultCoordinator, Customer>, 
        ApplicationDbContext, 
        False, 
        False, 
        True
    ), 
    cancellationToken: queryContext.CancellationToken)'
2024-11-11 10:59:58.0939|DEBUG|Microsoft.EntityFrameworkCore.Database.Connection|Creating DbConnection.
2024-11-11 10:59:58.0939|DEBUG|Microsoft.EntityFrameworkCore.Database.Connection|Created DbConnection. (0ms).
2024-11-11 10:59:58.0939|DEBUG|Microsoft.EntityFrameworkCore.Database.Connection|Opening connection to database 'OrderProcessingSystemDb' on server '(localdb)\MSSQLLocalDB'.
2024-11-11 10:59:58.0939|DEBUG|Microsoft.EntityFrameworkCore.Database.Connection|Opened connection to database 'OrderProcessingSystemDb' on server '(localdb)\MSSQLLocalDB'.
2024-11-11 10:59:58.0939|DEBUG|Microsoft.EntityFrameworkCore.Database.Command|Creating DbCommand for 'ExecuteReader'.
2024-11-11 10:59:58.0939|DEBUG|Microsoft.EntityFrameworkCore.Database.Command|Created DbCommand for 'ExecuteReader' (0ms).
2024-11-11 10:59:58.0939|DEBUG|Microsoft.EntityFrameworkCore.Database.Command|Initialized DbCommand for 'ExecuteReader' (5ms).
2024-11-11 10:59:58.1091|DEBUG|Microsoft.EntityFrameworkCore.Database.Command|Executing DbCommand [Parameters=[@__id_0='?' (DbType = Int32)], CommandType='Text', CommandTimeout='30']
SELECT [t].[CustomerId], [t].[Name], [t0].[OrderId], [t0].[CustomerId], [t0].[IsFulfilled], [t0].[OrderDate], [t0].[OrderId0], [t0].[ProductsProductId], [t0].[ProductId], [t0].[Name], [t0].[Price]
FROM (
    SELECT TOP(1) [c].[CustomerId], [c].[Name]
    FROM [Customers] AS [c]
    WHERE [c].[CustomerId] = @__id_0
) AS [t]
LEFT JOIN (
    SELECT [o].[OrderId], [o].[CustomerId], [o].[IsFulfilled], [o].[OrderDate], [t1].[OrderId] AS [OrderId0], [t1].[ProductsProductId], [t1].[ProductId], [t1].[Name], [t1].[Price]
    FROM [Orders] AS [o]
    LEFT JOIN (
        SELECT [o0].[OrderId], [o0].[ProductsProductId], [p].[ProductId], [p].[Name], [p].[Price]
        FROM [OrderProduct] AS [o0]
        INNER JOIN [Products] AS [p] ON [o0].[ProductsProductId] = [p].[ProductId]
    ) AS [t1] ON [o].[OrderId] = [t1].[OrderId]
) AS [t0] ON [t].[CustomerId] = [t0].[CustomerId]
ORDER BY [t].[CustomerId], [t0].[OrderId], [t0].[OrderId0], [t0].[ProductsProductId]
2024-11-11 10:59:58.2029|INFO|Microsoft.EntityFrameworkCore.Database.Command|Executed DbCommand (100ms) [Parameters=[@__id_0='?' (DbType = Int32)], CommandType='Text', CommandTimeout='30']
SELECT [t].[CustomerId], [t].[Name], [t0].[OrderId], [t0].[CustomerId], [t0].[IsFulfilled], [t0].[OrderDate], [t0].[OrderId0], [t0].[ProductsProductId], [t0].[ProductId], [t0].[Name], [t0].[Price]
FROM (
    SELECT TOP(1) [c].[CustomerId], [c].[Name]
    FROM [Customers] AS [c]
    WHERE [c].[CustomerId] = @__id_0
) AS [t]
LEFT JOIN (
    SELECT [o].[OrderId], [o].[CustomerId], [o].[IsFulfilled], [o].[OrderDate], [t1].[OrderId] AS [OrderId0], [t1].[ProductsProductId], [t1].[ProductId], [t1].[Name], [t1].[Price]
    FROM [Orders] AS [o]
    LEFT JOIN (
        SELECT [o0].[OrderId], [o0].[ProductsProductId], [p].[ProductId], [p].[Name], [p].[Price]
        FROM [OrderProduct] AS [o0]
        INNER JOIN [Products] AS [p] ON [o0].[ProductsProductId] = [p].[ProductId]
    ) AS [t1] ON [o].[OrderId] = [t1].[OrderId]
) AS [t0] ON [t].[CustomerId] = [t0].[CustomerId]
ORDER BY [t].[CustomerId], [t0].[OrderId], [t0].[OrderId0], [t0].[ProductsProductId]
2024-11-11 10:59:58.2029|DEBUG|Microsoft.EntityFrameworkCore.Database.Command|Closing data reader to 'OrderProcessingSystemDb' on server '(localdb)\MSSQLLocalDB'.
2024-11-11 10:59:58.2029|DEBUG|Microsoft.EntityFrameworkCore.Database.Command|A data reader for 'OrderProcessingSystemDb' on server '(localdb)\MSSQLLocalDB' is being disposed after spending 4ms reading results.
2024-11-11 10:59:58.2029|DEBUG|Microsoft.EntityFrameworkCore.Database.Connection|Closing connection to database 'OrderProcessingSystemDb' on server '(localdb)\MSSQLLocalDB'.
2024-11-11 10:59:58.2029|DEBUG|Microsoft.EntityFrameworkCore.Database.Connection|Closed connection to database 'OrderProcessingSystemDb' on server '(localdb)\MSSQLLocalDB' (0ms).
2024-11-11 10:59:58.2029|WARN|OrderProcessingSystem.API.Controllers.CustomerController|Customer with ID 22 not found.
2024-11-11 10:59:58.2029|INFO|Microsoft.AspNetCore.Mvc.Infrastructure.ControllerActionInvoker|Executed action method OrderProcessingSystem.API.Controllers.CustomerController.GetCustomerById (OrderProcessingSystem.API), returned result Microsoft.AspNetCore.Mvc.NotFoundObjectResult in 321.3537ms.
2024-11-11 10:59:58.2029|TRACE|Microsoft.AspNetCore.Mvc.Infrastructure.ControllerActionInvoker|Action Filter: Before executing OnActionExecuted on filter Microsoft.AspNetCore.Mvc.Infrastructure.ModelStateInvalidFilter.
2024-11-11 10:59:58.2029|TRACE|Microsoft.AspNetCore.Mvc.Infrastructure.ControllerActionInvoker|Action Filter: After executing OnActionExecuted on filter Microsoft.AspNetCore.Mvc.Infrastructure.ModelStateInvalidFilter.
2024-11-11 10:59:58.2029|TRACE|Microsoft.AspNetCore.Mvc.Infrastructure.ControllerActionInvoker|Action Filter: Before executing OnActionExecuted on filter Microsoft.AspNetCore.Mvc.ModelBinding.UnsupportedContentTypeFilter.
2024-11-11 10:59:58.2029|TRACE|Microsoft.AspNetCore.Mvc.Infrastructure.ControllerActionInvoker|Action Filter: After executing OnActionExecuted on filter Microsoft.AspNetCore.Mvc.ModelBinding.UnsupportedContentTypeFilter.
2024-11-11 10:59:58.2029|TRACE|Microsoft.AspNetCore.Mvc.Infrastructure.ControllerActionInvoker|Result Filter: Before executing OnResultExecuting on filter Microsoft.AspNetCore.Mvc.Infrastructure.ClientErrorResultFilter.
2024-11-11 10:59:58.2029|TRACE|Microsoft.AspNetCore.Mvc.Infrastructure.ControllerActionInvoker|Result Filter: After executing OnResultExecuting on filter Microsoft.AspNetCore.Mvc.Infrastructure.ClientErrorResultFilter.
2024-11-11 10:59:58.2029|TRACE|Microsoft.AspNetCore.Mvc.Infrastructure.ControllerActionInvoker|Before executing action result Microsoft.AspNetCore.Mvc.NotFoundObjectResult.
2024-11-11 10:59:58.2029|DEBUG|Microsoft.AspNetCore.Mvc.Infrastructure.DefaultOutputFormatterSelector|List of registered output formatters, in the following order: Microsoft.AspNetCore.Mvc.Formatters.HttpNoContentOutputFormatter, Microsoft.AspNetCore.Mvc.Formatters.StringOutputFormatter, Microsoft.AspNetCore.Mvc.Formatters.StreamOutputFormatter, Microsoft.AspNetCore.Mvc.Formatters.SystemTextJsonOutputFormatter
2024-11-11 10:59:58.2029|DEBUG|Microsoft.AspNetCore.Mvc.Infrastructure.DefaultOutputFormatterSelector|No information found on request to perform content negotiation.
2024-11-11 10:59:58.2029|DEBUG|Microsoft.AspNetCore.Mvc.Infrastructure.DefaultOutputFormatterSelector|Attempting to select an output formatter without using a content type as no explicit content types were specified for the response.
2024-11-11 10:59:58.2029|DEBUG|Microsoft.AspNetCore.Mvc.Infrastructure.DefaultOutputFormatterSelector|Attempting to select the first formatter in the output formatters list which can write the result.
2024-11-11 10:59:58.2029|DEBUG|Microsoft.AspNetCore.Mvc.Infrastructure.DefaultOutputFormatterSelector|Selected output formatter 'Microsoft.AspNetCore.Mvc.Formatters.StringOutputFormatter' and content type 'text/plain' to write the response.
2024-11-11 10:59:58.2029|INFO|Microsoft.AspNetCore.Mvc.Infrastructure.ObjectResultExecutor|Executing NotFoundObjectResult, writing value of type 'System.String'.
2024-11-11 10:59:58.2128|TRACE|Microsoft.AspNetCore.Mvc.Infrastructure.ControllerActionInvoker|After executing action result Microsoft.AspNetCore.Mvc.NotFoundObjectResult.
2024-11-11 10:59:58.2128|TRACE|Microsoft.AspNetCore.Server.Kestrel.Http2|Connection id "0HN8225TN5DA9" sending HEADERS frame for stream ID 13 with length 60 and flags END_HEADERS.
2024-11-11 10:59:58.2128|TRACE|Microsoft.AspNetCore.Server.Kestrel.Http2|Connection id "0HN8225TN5DA9" sending DATA frame for stream ID 13 with length 30 and flags NONE.
2024-11-11 10:59:58.2128|TRACE|Microsoft.AspNetCore.Mvc.Infrastructure.ControllerActionInvoker|Result Filter: Before executing OnResultExecuted on filter Microsoft.AspNetCore.Mvc.Infrastructure.ClientErrorResultFilter.
2024-11-11 10:59:58.2128|TRACE|Microsoft.AspNetCore.Mvc.Infrastructure.ControllerActionInvoker|Result Filter: After executing OnResultExecuted on filter Microsoft.AspNetCore.Mvc.Infrastructure.ClientErrorResultFilter.
2024-11-11 10:59:58.2128|INFO|Microsoft.AspNetCore.Mvc.Infrastructure.ControllerActionInvoker|Executed action OrderProcessingSystem.API.Controllers.CustomerController.GetCustomerById (OrderProcessingSystem.API) in 380.3845ms
2024-11-11 10:59:58.2128|INFO|Microsoft.AspNetCore.Routing.EndpointMiddleware|Executed endpoint 'OrderProcessingSystem.API.Controllers.CustomerController.GetCustomerById (OrderProcessingSystem.API)'
2024-11-11 10:59:58.2128|DEBUG|Microsoft.EntityFrameworkCore.Infrastructure|'ApplicationDbContext' disposed.
2024-11-11 10:59:58.2128|TRACE|Microsoft.AspNetCore.Server.Kestrel.Http2|Connection id "0HN8225TN5DA9" sending DATA frame for stream ID 13 with length 0 and flags END_STREAM.
2024-11-11 10:59:58.2128|DEBUG|Microsoft.EntityFrameworkCore.Database.Connection|Disposing connection to database 'OrderProcessingSystemDb' on server '(localdb)\MSSQLLocalDB'.
2024-11-11 10:59:58.2128|DEBUG|Microsoft.EntityFrameworkCore.Database.Connection|Disposed connection to database '' on server '' (0ms).
2024-11-11 10:59:58.2128|INFO|Microsoft.AspNetCore.Hosting.Diagnostics|Request finished HTTP/2 GET https://localhost:7237/api/Customer/22 - 404 - text/plain;+charset=utf-8 423.3490ms
2024-11-11 10:59:58.2128|TRACE|Microsoft.AspNetCore.Server.Kestrel.Http2|Connection id "0HN8225TN5DA9" received WINDOW_UPDATE frame for stream ID 0 with length 4 and flags 0x0.
